[1001/125141.016:ERROR:minidumpwritedump_with_crashpad_info.cc(452)] Failed to call MiniDumpWriteDump: Only part of a ReadProcessMemory or WriteProcessMemory request was completed. (0x8007012B)
[1001/125141.084:ERROR:minidumpwritedump_with_crashpad_info.cc(661)] Failed to write minidump file
[1001/125141.084:ERROR:crash_report_exception_handler.cc(132)] TryMiniDumpWriteDumpWithCrashpadInfo failed
[1001/125141.286:ERROR:process_memory_win.cc(73)] ReadMemory at 0x1c9a18300b0 of 72 bytes failed: Only part of a ReadProcessMemory or WriteProcessMemory request was completed. (0x12B)
[1001/125141.287:WARNING:pe_image_annotations_reader.cc(135)] could not read annotations list object in C:\Program Files (x86)\Microsoft\Edge\Application\85.0.564.63\msedge_elf.dll
[1001/125141.287:ERROR:process_memory_win.cc(73)] ReadMemory at 0x1c9a188b5a0 of 72 bytes failed: Only part of a ReadProcessMemory or WriteProcessMemory request was completed. (0x12B)
[1001/125141.288:WARNING:pe_image_annotations_reader.cc(135)] could not read annotations list object in C:\Program Files (x86)\Microsoft\Edge\Application\85.0.564.63\msedge.dll
[1001/125143.582:ERROR:process_memory_win.cc(73)] ReadMemory at 0x7ff6ab2f0000 of 64 bytes failed: Only part of a ReadProcessMemory or WriteProcessMemory request was completed. (0x12B)
[1001/125143.582:WARNING:pe_image_reader.cc(340)] could not read dos header from C:\Program Files (x86)\Microsoft\Edge\Application\msedge.exe
[1001/125143.582:ERROR:process_memory_win.cc(73)] ReadMemory at 0x7ffe1fd90000 of 64 bytes failed: Only part of a ReadProcessMemory or WriteProcessMemory request was completed. (0x12B)
[1001/125143.582:WARNING:pe_image_reader.cc(340)] could not read dos header from C:\WINDOWS\SYSTEM32\ntdll.dll
[1001/125143.582:ERROR:process_memory_win.cc(73)] ReadMemory at 0x7ffe1d5b0000 of 64 bytes failed: Only part of a ReadProcessMemory or WriteProcessMemory request was completed. (0x12B)
[1001/125143.582:WARNING:pe_image_reader.cc(340)] could not read dos header from C:\WINDOWS\System32\KERNEL32.DLL
[1001/125143.582:ERROR:process_memory_win.cc(73)] ReadMemory at 0x7ffe1c750000 of 64 bytes failed: Only part of a ReadProcessMemory or WriteProcessMemory request was completed. (0x12B)
[1001/125143.582:WARNING:pe_image_reader.cc(340)] could not read dos header from C:\WINDOWS\System32\KERNELBASE.dll
[1001/125143.582:ERROR:process_memory_win.cc(73)] ReadMemory at 0x7ffde9c70000 of 64 bytes failed: Only part of a ReadProcessMemory or WriteProcessMemory request was completed. (0x12B)
[1001/125143.583:WARNING:pe_image_reader.cc(340)] could not read dos header from C:\Program Files (x86)\Microsoft\Edge\Application\85.0.564.63\msedge_elf.dll
[1001/125143.583:ERROR:process_memory_win.cc(73)] ReadMemory at 0x7ffe1c680000 of 64 bytes failed: Only part of a ReadProcessMemory or WriteProcessMemory request was completed. (0x12B)
[1001/125143.583:WARNING:pe_image_reader.cc(340)] could not read dos header from C:\WINDOWS\System32\bcryptPrimitives.dll
[1001/125143.583:ERROR:process_memory_win.cc(73)] ReadMemory at 0x7ffe1f410000 of 64 bytes failed: Only part of a ReadProcessMemory or WriteProcessMemory request was completed. (0x12B)
[1001/125143.583:WARNING:pe_image_reader.cc(340)] could not read dos header from C:\WINDOWS\System32\ADVAPI32.dll
[1001/125143.583:ERROR:process_memory_win.cc(73)] ReadMemory at 0x7ffe1fbb0000 of 64 bytes failed: Only part of a ReadProcessMemory or WriteProcessMemory request was completed. (0x12B)
[1001/125143.583:WARNING:pe_image_reader.cc(340)] could not read dos header from C:\WINDOWS\System32\msvcrt.dll
[1001/125143.583:ERROR:process_memory_win.cc(73)] ReadMemory at 0x7ffe1f0e0000 of 64 bytes failed: Only part of a ReadProcessMemory or WriteProcessMemory request was completed. (0x12B)
[1001/125143.583:WARNING:pe_image_reader.cc(340)] could not read dos header from C:\WINDOWS\System32\sechost.dll
[1001/125143.583:ERROR:process_memory_win.cc(73)] ReadMemory at 0x7ffe1f250000 of 64 bytes failed: Only part of a ReadProcessMemory or WriteProcessMemory request was completed. (0x12B)
[1001/125143.583:WARNING:pe_image_reader.cc(340)] could not read dos header from C:\WINDOWS\System32\RPCRT4.dll
[1001/125143.583:ERROR:process_memory_win.cc(73)] ReadMemory at 0x7ffdc3d50000 of 64 bytes failed: Only part of a ReadProcessMemory or WriteProcessMemory request was completed. (0x12B)
[1001/125143.583:WARNING:pe_image_reader.cc(340)] could not read dos header from C:\Program Files (x86)\Microsoft\Edge\Application\85.0.564.63\msedge.dll
[1001/125143.583:ERROR:process_memory_win.cc(73)] ReadMemory at 0x7ffe1f380000 of 64 bytes failed: Only part of a ReadProcessMemory or WriteProcessMemory request was completed. (0x12B)
[1001/125143.583:WARNING:pe_image_reader.cc(340)] could not read dos header from C:\WINDOWS\System32\WS2_32.dll
[1001/125143.583:ERROR:process_memory_win.cc(73)] ReadMemory at 0x7ffe1d870000 of 64 bytes failed: Only part of a ReadProcessMemory or WriteProcessMemory request was completed. (0x12B)
[1001/125143.583:WARNING:pe_image_reader.cc(340)] could not read dos header from C:\WINDOWS\System32\OLEAUT32.dll
[1001/125143.583:ERROR:process_memory_win.cc(73)] ReadMemory at 0x7ffe1c130000 of 64 bytes failed: Only part of a ReadProcessMemory or WriteProcessMemory request was completed. (0x12B)
[1001/125143.583:WARNING:pe_image_reader.cc(340)] could not read dos header from C:\WINDOWS\System32\msvcp_win.dll
[1001/125143.583:ERROR:process_memory_win.cc(73)] ReadMemory at 0x7ffe1c580000 of 64 bytes failed: Only part of a ReadProcessMemory or WriteProcessMemory request was completed. (0x12B)
[1001/125143.584:WARNING:pe_image_reader.cc(340)] could not read dos header from C:\WINDOWS\System32\ucrtbase.dll
[1001/125143.584:ERROR:process_memory_win.cc(73)] ReadMemory at 0x7ffe1d200000 of 64 bytes failed: Only part of a ReadProcessMemory or WriteProcessMemory request was completed. (0x12B)
[1001/125143.584:WARNING:pe_image_reader.cc(340)] could not read dos header from C:\WINDOWS\System32\combase.dll
[1001/125143.584:ERROR:process_memory_win.cc(73)] ReadMemory at 0x7ffe1c9d0000 of 64 bytes failed: Only part of a ReadProcessMemory or WriteProcessMemory request was completed. (0x12B)
[1001/125143.584:WARNING:pe_image_reader.cc(340)] could not read dos header from C:\WINDOWS\System32\WINTRUST.dll
[1001/125143.584:ERROR:process_memory_win.cc(73)] ReadMemory at 0x7ffe1c070000 of 64 bytes failed: Only part of a ReadProcessMemory or WriteProcessMemory request was completed. (0x12B)
[1001/125143.584:WARNING:pe_image_reader.cc(340)] could not read dos header from C:\WINDOWS\System32\MSASN1.dll
[1001/125143.584:ERROR:process_memory_win.cc(73)] ReadMemory at 0x7ffe1c390000 of 64 bytes failed: Only part of a ReadProcessMemory or WriteProcessMemory request was completed. (0x12B)
[1001/125143.584:WARNING:pe_image_reader.cc(340)] could not read dos header from C:\WINDOWS\System32\CRYPT32.dll
[1001/125143.584:ERROR:process_memory_win.cc(73)] ReadMemory at 0x7ffe1b5a0000 of 64 bytes failed: Only part of a ReadProcessMemory or WriteProcessMemory request was completed. (0x12B)
[1001/125143.584:WARNING:pe_image_reader.cc(340)] could not read dos header from C:\WINDOWS\SYSTEM32\IPHLPAPI.DLL
[1001/125143.584:ERROR:process_memory_win.cc(73)] ReadMemory at 0x7ffe13570000 of 64 bytes failed: Only part of a ReadProcessMemory or WriteProcessMemory request was completed. (0x12B)
[1001/125143.584:WARNING:pe_image_reader.cc(340)] could not read dos header from C:\WINDOWS\SYSTEM32\WINMM.dll
[1001/125143.584:ERROR:process_memory_win.cc(73)] ReadMemory at 0x7ffdf9d90000 of 64 bytes failed: Only part of a ReadProcessMemory or WriteProcessMemory request was completed. (0x12B)
[1001/125143.584:WARNING:pe_image_reader.cc(340)] could not read dos header from C:\WINDOWS\SYSTEM32\UIAutomationCore.DLL
[1001/125143.584:ERROR:process_memory_win.cc(73)] ReadMemory at 0x7ffe0dc00000 of 64 bytes failed: Only part of a ReadProcessMemory or WriteProcessMemory request was completed. (0x12B)
[1001/125143.584:WARNING:pe_image_reader.cc(340)] could not read dos header from C:\WINDOWS\SYSTEM32\Secur32.dll
[1001/125143.584:ERROR:process_memory_win.cc(73)] ReadMemory at 0x7ffe1bfa0000 of 64 bytes failed: Only part of a ReadProcessMemory or WriteProcessMemory request was completed. (0x12B)
[1001/125143.584:WARNING:pe_image_reader.cc(340)] could not read dos header from C:\WINDOWS\SYSTEM32\USERENV.dll
[1001/125143.584:ERROR:process_memory_win.cc(73)] ReadMemory at 0x7ffe1c0c0000 of 64 bytes failed: Only part of a ReadProcessMemory or WriteProcessMemory request was completed. (0x12B)
[1001/125143.584:WARNING:pe_image_reader.cc(340)] could not read dos header from C:\WINDOWS\System32\profapi.dll
[1001/125143.585:ERROR:process_memory_win.cc(73)] ReadMemory at 0x7ffe145d0000 of 64 bytes failed: Only part of a ReadProcessMemory or WriteProcessMemory request was completed. (0x12B)
[1001/125143.585:WARNING:pe_image_reader.cc(340)] could not read dos header from C:\WINDOWS\SYSTEM32\WINHTTP.dll
[1001/125143.585:ERROR:process_memory_win.cc(73)] ReadMemory at 0x7ffe03be0000 of 64 bytes failed: Only part of a ReadProcessMemory or WriteProcessMemory request was completed. (0x12B)
[1001/125143.585:WARNING:pe_image_reader.cc(340)] could not read dos header from C:\WINDOWS\SYSTEM32\DWrite.dll
[1001/125143.585:ERROR:process_memory_win.cc(73)] ReadMemory at 0x7ffe11530000 of 64 bytes failed: Only part of a ReadProcessMemory or WriteProcessMemory request was completed. (0x12B)
[1001/125143.585:WARNING:pe_image_reader.cc(340)] could not read dos header from C:\WINDOWS\SYSTEM32\WINSPOOL.DRV
[1001/125143.585:ERROR:process_memory_win.cc(73)] ReadMemory at 0x7ffe1c0a0000 of 64 bytes failed: Only part of a ReadProcessMemory or WriteProcessMemory request was completed. (0x12B)
[1001/125143.585:WARNING:pe_image_reader.cc(340)] could not read dos header from C:\WINDOWS\System32\kernel.appcore.dll
[1001/125143.585:ERROR:process_memory_win.cc(73)] ReadMemory at 0x7ffe1aa20000 of 64 bytes failed: Only part of a ReadProcessMemory or WriteProcessMemory request was completed. (0x12B)
[1001/125143.585:WARNING:pe_image_reader.cc(340)] could not read dos header from C:\WINDOWS\SYSTEM32\dbghelp.dll
[1001/125143.585:ERROR:process_memory_win.cc(73)] ReadMemory at 0x7ffe1ba80000 of 64 bytes failed: Only part of a ReadProcessMemory or WriteProcessMemory request was completed. (0x12B)
[1001/125143.585:WARNING:pe_image_reader.cc(340)] could not read dos header from C:\WINDOWS\SYSTEM32\ncrypt.dll
[1001/125143.585:ERROR:process_memory_win.cc(73)] ReadMemory at 0x7ffe14530000 of 64 bytes failed: Only part of a ReadProcessMemory or WriteProcessMemory request was completed. (0x12B)
[1001/125143.585:WARNING:pe_image_reader.cc(340)] could not read dos header from C:\WINDOWS\SYSTEM32\dhcpcsvc.DLL
[1001/125143.585:ERROR:process_memory_win.cc(73)] ReadMemory at 0x7ffe1fb10000 of 64 bytes failed: Only part of a ReadProcessMemory or WriteProcessMemory request was completed. (0x12B)
[1001/125143.585:WARNING:pe_image_reader.cc(340)] could not read dos header from C:\WINDOWS\System32\NSI.dll
[1001/125143.585:ERROR:process_memory_win.cc(73)] ReadMemory at 0x7ffe12200000 of 64 bytes failed: Only part of a ReadProcessMemory or WriteProcessMemory request was completed. (0x12B)
[1001/125143.585:WARNING:pe_image_reader.cc(340)] could not read dos header from C:\WINDOWS\SYSTEM32\WINMMBASE.dll
[1001/125143.585:ERROR:process_memory_win.cc(73)] ReadMemory at 0x7ffe1c700000 of 64 bytes failed: Only part of a ReadProcessMemory or WriteProcessMemory request was completed. (0x12B)
[1001/125143.585:WARNING:pe_image_reader.cc(340)] could not read dos header from C:\WINDOWS\System32\cfgmgr32.dll
[1001/125143.585:ERROR:process_memory_win.cc(73)] ReadMemory at 0x7ffe18bd0000 of 64 bytes failed: Only part of a ReadProcessMemory or WriteProcessMemory request was completed. (0x12B)
[1001/125143.585:WARNING:pe_image_reader.cc(340)] could not read dos header from C:\WINDOWS\SYSTEM32\PROPSYS.dll
[1001/125143.586:ERROR:process_memory_win.cc(73)] ReadMemory at 0x7ffe1f1a0000 of 64 bytes failed: Only part of a ReadProcessMemory or WriteProcessMemory request was completed. (0x12B)
[1001/125143.586:WARNING:pe_image_reader.cc(340)] could not read dos header from C:\WINDOWS\System32\shcore.dll
[1001/125143.586:ERROR:process_memory_win.cc(73)] ReadMemory at 0x7ffe1bd30000 of 64 bytes failed: Only part of a ReadProcessMemory or WriteProcessMemory request was completed. (0x12B)
[1001/125143.586:WARNING:pe_image_reader.cc(340)] could not read dos header from C:\WINDOWS\SYSTEM32\bcrypt.dll
[1001/125143.586:ERROR:process_memory_win.cc(73)] ReadMemory at 0x7ffe1ba40000 of 64 bytes failed: Only part of a ReadProcessMemory or WriteProcessMemory request was completed. (0x12B)
[1001/125143.586:WARNING:pe_image_reader.cc(340)] could not read dos header from C:\WINDOWS\SYSTEM32\NTASN1.dll
[1001/125143.586:ERROR:process_memory_win.cc(73)] ReadMemory at 0x7ffe1bf70000 of 64 bytes failed: Only part of a ReadProcessMemory or WriteProcessMemory request was completed. (0x12B)
[1001/125143.586:WARNING:pe_image_reader.cc(340)] could not read dos header from C:\WINDOWS\SYSTEM32\SSPICLI.DLL
[1001/125143.586:ERROR:process_memory_win.cc(73)] ReadMemory at 0x7ffe1b9a0000 of 64 bytes failed: Only part of a ReadProcessMemory or WriteProcessMemory request was completed. (0x12B)
[1001/125143.586:WARNING:pe_image_reader.cc(340)] could not read dos header from C:\WINDOWS\SYSTEM32\CRYPTBASE.DLL
[1001/125143.590:ERROR:process_memory_win.cc(73)] ReadMemory at 0x7ff6ab2f0000 of 64 bytes failed: Only part of a ReadProcessMemory or WriteProcessMemory request was completed. (0x12B)
[1001/125143.590:WARNING:pe_image_reader.cc(340)] could not read dos header from C:\Program Files (x86)\Microsoft\Edge\Application\msedge.exe
[1001/125143.590:ERROR:process_memory_win.cc(73)] ReadMemory at 0x7ffe1fd90000 of 64 bytes failed: Only part of a ReadProcessMemory or WriteProcessMemory request was completed. (0x12B)
[1001/125143.590:WARNING:pe_image_reader.cc(340)] could not read dos header from C:\WINDOWS\SYSTEM32\ntdll.dll
[1001/125143.591:ERROR:process_memory_win.cc(73)] ReadMemory at 0x7ffe1d5b0000 of 64 bytes failed: Only part of a ReadProcessMemory or WriteProcessMemory request was completed. (0x12B)
[1001/125143.591:WARNING:pe_image_reader.cc(340)] could not read dos header from C:\WINDOWS\System32\KERNEL32.DLL
[1001/125143.591:ERROR:process_memory_win.cc(73)] ReadMemory at 0x7ffe1c750000 of 64 bytes failed: Only part of a ReadProcessMemory or WriteProcessMemory request was completed. (0x12B)
[1001/125143.591:WARNING:pe_image_reader.cc(340)] could not read dos header from C:\WINDOWS\System32\KERNELBASE.dll
[1001/125143.591:ERROR:process_memory_win.cc(73)] ReadMemory at 0x7ffde9c70000 of 64 bytes failed: Only part of a ReadProcessMemory or WriteProcessMemory request was completed. (0x12B)
[1001/125143.591:WARNING:pe_image_reader.cc(340)] could not read dos header from C:\Program Files (x86)\Microsoft\Edge\Application\85.0.564.63\msedge_elf.dll
[1001/125143.591:ERROR:process_memory_win.cc(73)] ReadMemory at 0x7ffe1c680000 of 64 bytes failed: Only part of a ReadProcessMemory or WriteProcessMemory request was completed. (0x12B)
[1001/125143.591:WARNING:pe_image_reader.cc(340)] could not read dos header from C:\WINDOWS\System32\bcryptPrimitives.dll
[1001/125143.591:ERROR:process_memory_win.cc(73)] ReadMemory at 0x7ffe1f410000 of 64 bytes failed: Only part of a ReadProcessMemory or WriteProcessMemory request was completed. (0x12B)
[1001/125143.591:WARNING:pe_image_reader.cc(340)] could not read dos header from C:\WINDOWS\System32\ADVAPI32.dll
[1001/125143.591:ERROR:process_memory_win.cc(73)] ReadMemory at 0x7ffe1fbb0000 of 64 bytes failed: Only part of a ReadProcessMemory or WriteProcessMemory request was completed. (0x12B)
[1001/125143.591:WARNING:pe_image_reader.cc(340)] could not read dos header from C:\WINDOWS\System32\msvcrt.dll
[1001/125143.591:ERROR:process_memory_win.cc(73)] ReadMemory at 0x7ffe1f0e0000 of 64 bytes failed: Only part of a ReadProcessMemory or WriteProcessMemory request was completed. (0x12B)
[1001/125143.591:WARNING:pe_image_reader.cc(340)] could not read dos header from C:\WINDOWS\System32\sechost.dll
[1001/125143.592:ERROR:process_memory_win.cc(73)] ReadMemory at 0x7ffe1f250000 of 64 bytes failed: Only part of a ReadProcessMemory or WriteProcessMemory request was completed. (0x12B)
[1001/125143.592:WARNING:pe_image_reader.cc(340)] could not read dos header from C:\WINDOWS\System32\RPCRT4.dll
[1001/125143.592:ERROR:process_memory_win.cc(73)] ReadMemory at 0x7ffdc3d50000 of 64 bytes failed: Only part of a ReadProcessMemory or WriteProcessMemory request was completed. (0x12B)
[1001/125143.592:WARNING:pe_image_reader.cc(340)] could not read dos header from C:\Program Files (x86)\Microsoft\Edge\Application\85.0.564.63\msedge.dll
[1001/125143.592:ERROR:process_memory_win.cc(73)] ReadMemory at 0x7ffe1f380000 of 64 bytes failed: Only part of a ReadProcessMemory or WriteProcessMemory request was completed. (0x12B)
[1001/125143.592:WARNING:pe_image_reader.cc(340)] could not read dos header from C:\WINDOWS\System32\WS2_32.dll
[1001/125143.592:ERROR:process_memory_win.cc(73)] ReadMemory at 0x7ffe1d870000 of 64 bytes failed: Only part of a ReadProcessMemory or WriteProcessMemory request was completed. (0x12B)
[1001/125143.592:WARNING:pe_image_reader.cc(340)] could not read dos header from C:\WINDOWS\System32\OLEAUT32.dll
[1001/125143.592:ERROR:process_memory_win.cc(73)] ReadMemory at 0x7ffe1c130000 of 64 bytes failed: Only part of a ReadProcessMemory or WriteProcessMemory request was completed. (0x12B)
[1001/125143.592:WARNING:pe_image_reader.cc(340)] could not read dos header from C:\WINDOWS\System32\msvcp_win.dll
[1001/125143.592:ERROR:process_memory_win.cc(73)] ReadMemory at 0x7ffe1c580000 of 64 bytes failed: Only part of a ReadProcessMemory or WriteProcessMemory request was completed. (0x12B)
[1001/125143.593:WARNING:pe_image_reader.cc(340)] could not read dos header from C:\WINDOWS\System32\ucrtbase.dll
[1001/125143.593:ERROR:process_memory_win.cc(73)] ReadMemory at 0x7ffe1d200000 of 64 bytes failed: Only part of a ReadProcessMemory or WriteProcessMemory request was completed. (0x12B)
[1001/125143.593:WARNING:pe_image_reader.cc(340)] could not read dos header from C:\WINDOWS\System32\combase.dll
[1001/125143.593:ERROR:process_memory_win.cc(73)] ReadMemory at 0x7ffe1c9d0000 of 64 bytes failed: Only part of a ReadProcessMemory or WriteProcessMemory request was completed. (0x12B)
[1001/125143.593:WARNING:pe_image_reader.cc(340)] could not read dos header from C:\WINDOWS\System32\WINTRUST.dll
[1001/125143.593:ERROR:process_memory_win.cc(73)] ReadMemory at 0x7ffe1c070000 of 64 bytes failed: Only part of a ReadProcessMemory or WriteProcessMemory request was completed. (0x12B)
[1001/125143.593:WARNING:pe_image_reader.cc(340)] could not read dos header from C:\WINDOWS\System32\MSASN1.dll
[1001/125143.593:ERROR:process_memory_win.cc(73)] ReadMemory at 0x7ffe1c390000 of 64 bytes failed: Only part of a ReadProcessMemory or WriteProcessMemory request was completed. (0x12B)
[1001/125143.593:WARNING:pe_image_reader.cc(340)] could not read dos header from C:\WINDOWS\System32\CRYPT32.dll
[1001/125143.593:ERROR:process_memory_win.cc(73)] ReadMemory at 0x7ffe1b5a0000 of 64 bytes failed: Only part of a ReadProcessMemory or WriteProcessMemory request was completed. (0x12B)
[1001/125143.593:WARNING:pe_image_reader.cc(340)] could not read dos header from C:\WINDOWS\SYSTEM32\IPHLPAPI.DLL
[1001/125143.593:ERROR:process_memory_win.cc(73)] ReadMemory at 0x7ffe13570000 of 64 bytes failed: Only part of a ReadProcessMemory or WriteProcessMemory request was completed. (0x12B)
[1001/125143.593:WARNING:pe_image_reader.cc(340)] could not read dos header from C:\WINDOWS\SYSTEM32\WINMM.dll
[1001/125143.593:ERROR:process_memory_win.cc(73)] ReadMemory at 0x7ffdf9d90000 of 64 bytes failed: Only part of a ReadProcessMemory or WriteProcessMemory request was completed. (0x12B)
[1001/125143.593:WARNING:pe_image_reader.cc(340)] could not read dos header from C:\WINDOWS\SYSTEM32\UIAutomationCore.DLL
[1001/125143.593:ERROR:process_memory_win.cc(73)] ReadMemory at 0x7ffe0dc00000 of 64 bytes failed: Only part of a ReadProcessMemory or WriteProcessMemory request was completed. (0x12B)
[1001/125143.594:WARNING:pe_image_reader.cc(340)] could not read dos header from C:\WINDOWS\SYSTEM32\Secur32.dll
[1001/125143.594:ERROR:process_memory_win.cc(73)] ReadMemory at 0x7ffe1bfa0000 of 64 bytes failed: Only part of a ReadProcessMemory or WriteProcessMemory request was completed. (0x12B)
[1001/125143.594:WARNING:pe_image_reader.cc(340)] could not read dos header from C:\WINDOWS\SYSTEM32\USERENV.dll
[1001/125143.594:ERROR:process_memory_win.cc(73)] ReadMemory at 0x7ffe1c0c0000 of 64 bytes failed: Only part of a ReadProcessMemory or WriteProcessMemory request was completed. (0x12B)
[1001/125143.594:WARNING:pe_image_reader.cc(340)] could not read dos header from C:\WINDOWS\System32\profapi.dll
[1001/125143.594:ERROR:process_memory_win.cc(73)] ReadMemory at 0x7ffe145d0000 of 64 bytes failed: Only part of a ReadProcessMemory or WriteProcessMemory request was completed. (0x12B)
[1001/125143.594:WARNING:pe_image_reader.cc(340)] could not read dos header from C:\WINDOWS\SYSTEM32\WINHTTP.dll
[1001/125143.594:ERROR:process_memory_win.cc(73)] ReadMemory at 0x7ffe03be0000 of 64 bytes failed: Only part of a ReadProcessMemory or WriteProcessMemory request was completed. (0x12B)
[1001/125143.594:WARNING:pe_image_reader.cc(340)] could not read dos header from C:\WINDOWS\SYSTEM32\DWrite.dll
[1001/125143.594:ERROR:process_memory_win.cc(73)] ReadMemory at 0x7ffe11530000 of 64 bytes failed: Only part of a ReadProcessMemory or WriteProcessMemory request was completed. (0x12B)
[1001/125143.594:WARNING:pe_image_reader.cc(340)] could not read dos header from C:\WINDOWS\SYSTEM32\WINSPOOL.DRV
[1001/125143.595:ERROR:process_memory_win.cc(73)] ReadMemory at 0x7ffe1c0a0000 of 64 bytes failed: Only part of a ReadProcessMemory or WriteProcessMemory request was completed. (0x12B)
[1001/125143.595:WARNING:pe_image_reader.cc(340)] could not read dos header from C:\WINDOWS\System32\kernel.appcore.dll
[1001/125143.595:ERROR:process_memory_win.cc(73)] ReadMemory at 0x7ffe1aa20000 of 64 bytes failed: Only part of a ReadProcessMemory or WriteProcessMemory request was completed. (0x12B)
[1001/125143.595:WARNING:pe_image_reader.cc(340)] could not read dos header from C:\WINDOWS\SYSTEM32\dbghelp.dll
[1001/125143.595:ERROR:process_memory_win.cc(73)] ReadMemory at 0x7ffe1ba80000 of 64 bytes failed: Only part of a ReadProcessMemory or WriteProcessMemory request was completed. (0x12B)
[1001/125143.595:WARNING:pe_image_reader.cc(340)] could not read dos header from C:\WINDOWS\SYSTEM32\ncrypt.dll
[1001/125143.595:ERROR:process_memory_win.cc(73)] ReadMemory at 0x7ffe14530000 of 64 bytes failed: Only part of a ReadProcessMemory or WriteProcessMemory request was completed. (0x12B)
[1001/125143.595:WARNING:pe_image_reader.cc(340)] could not read dos header from C:\WINDOWS\SYSTEM32\dhcpcsvc.DLL
[1001/125143.595:ERROR:process_memory_win.cc(73)] ReadMemory at 0x7ffe1fb10000 of 64 bytes failed: Only part of a ReadProcessMemory or WriteProcessMemory request was completed. (0x12B)
[1001/125143.595:WARNING:pe_image_reader.cc(340)] could not read dos header from C:\WINDOWS\System32\NSI.dll
[1001/125143.596:ERROR:process_memory_win.cc(73)] ReadMemory at 0x7ffe12200000 of 64 bytes failed: Only part of a ReadProcessMemory or WriteProcessMemory request was completed. (0x12B)
[1001/125143.596:WARNING:pe_image_reader.cc(340)] could not read dos header from C:\WINDOWS\SYSTEM32\WINMMBASE.dll
[1001/125143.596:ERROR:process_memory_win.cc(73)] ReadMemory at 0x7ffe1c700000 of 64 bytes failed: Only part of a ReadProcessMemory or WriteProcessMemory request was completed. (0x12B)
[1001/125143.596:WARNING:pe_image_reader.cc(340)] could not read dos header from C:\WINDOWS\System32\cfgmgr32.dll
[1001/125143.596:ERROR:process_memory_win.cc(73)] ReadMemory at 0x7ffe18bd0000 of 64 bytes failed: Only part of a ReadProcessMemory or WriteProcessMemory request was completed. (0x12B)
[1001/125143.596:WARNING:pe_image_reader.cc(340)] could not read dos header from C:\WINDOWS\SYSTEM32\PROPSYS.dll
[1001/125143.596:ERROR:process_memory_win.cc(73)] ReadMemory at 0x7ffe1f1a0000 of 64 bytes failed: Only part of a ReadProcessMemory or WriteProcessMemory request was completed. (0x12B)
[1001/125143.596:WARNING:pe_image_reader.cc(340)] could not read dos header from C:\WINDOWS\System32\shcore.dll
[1001/125143.596:ERROR:process_memory_win.cc(73)] ReadMemory at 0x7ffe1bd30000 of 64 bytes failed: Only part of a ReadProcessMemory or WriteProcessMemory request was completed. (0x12B)
[1001/125143.596:WARNING:pe_image_reader.cc(340)] could not read dos header from C:\WINDOWS\SYSTEM32\bcrypt.dll
[1001/125143.596:ERROR:process_memory_win.cc(73)] ReadMemory at 0x7ffe1ba40000 of 64 bytes failed: Only part of a ReadProcessMemory or WriteProcessMemory request was completed. (0x12B)
[1001/125143.596:WARNING:pe_image_reader.cc(340)] could not read dos header from C:\WINDOWS\SYSTEM32\NTASN1.dll
[1001/125143.597:ERROR:process_memory_win.cc(73)] ReadMemory at 0x7ffe1bf70000 of 64 bytes failed: Only part of a ReadProcessMemory or WriteProcessMemory request was completed. (0x12B)
[1001/125143.597:WARNING:pe_image_reader.cc(340)] could not read dos header from C:\WINDOWS\SYSTEM32\SSPICLI.DLL
[1001/125143.597:ERROR:process_memory_win.cc(73)] ReadMemory at 0x7ffe1b9a0000 of 64 bytes failed: Only part of a ReadProcessMemory or WriteProcessMemory request was completed. (0x12B)
[1001/125143.597:WARNING:pe_image_reader.cc(340)] could not read dos header from C:\WINDOWS\SYSTEM32\CRYPTBASE.DLL
[1001/125143.597:ERROR:process_memory_win.cc(73)] ReadMemory at 0x7ff6ab2f0000 of 64 bytes failed: Only part of a ReadProcessMemory or WriteProcessMemory request was completed. (0x12B)
[1001/125143.597:WARNING:pe_image_reader.cc(340)] could not read dos header from C:\Program Files (x86)\Microsoft\Edge\Application\msedge.exe
[1001/125143.597:ERROR:process_memory_win.cc(73)] ReadMemory at 0x7ffe1fd90000 of 64 bytes failed: Only part of a ReadProcessMemory or WriteProcessMemory request was completed. (0x12B)
[1001/125143.597:WARNING:pe_image_reader.cc(340)] could not read dos header from C:\WINDOWS\SYSTEM32\ntdll.dll
[1001/125143.597:ERROR:process_memory_win.cc(73)] ReadMemory at 0x7ffe1d5b0000 of 64 bytes failed: Only part of a ReadProcessMemory or WriteProcessMemory request was completed. (0x12B)
[1001/125143.597:WARNING:pe_image_reader.cc(340)] could not read dos header from C:\WINDOWS\System32\KERNEL32.DLL
[1001/125143.597:ERROR:process_memory_win.cc(73)] ReadMemory at 0x7ffe1c750000 of 64 bytes failed: Only part of a ReadProcessMemory or WriteProcessMemory request was completed. (0x12B)
[1001/125143.597:WARNING:pe_image_reader.cc(340)] could not read dos header from C:\WINDOWS\System32\KERNELBASE.dll
[1001/125143.598:ERROR:process_memory_win.cc(73)] ReadMemory at 0x7ffde9c70000 of 64 bytes failed: Only part of a ReadProcessMemory or WriteProcessMemory request was completed. (0x12B)
[1001/125143.598:WARNING:pe_image_reader.cc(340)] could not read dos header from C:\Program Files (x86)\Microsoft\Edge\Application\85.0.564.63\msedge_elf.dll
[1001/125143.598:ERROR:process_memory_win.cc(73)] ReadMemory at 0x7ffe1c680000 of 64 bytes failed: Only part of a ReadProcessMemory or WriteProcessMemory request was completed. (0x12B)
[1001/125143.598:WARNING:pe_image_reader.cc(340)] could not read dos header from C:\WINDOWS\System32\bcryptPrimitives.dll
[1001/125143.598:ERROR:process_memory_win.cc(73)] ReadMemory at 0x7ffe1f410000 of 64 bytes failed: Only part of a ReadProcessMemory or WriteProcessMemory request was completed. (0x12B)
[1001/125143.598:WARNING:pe_image_reader.cc(340)] could not read dos header from C:\WINDOWS\System32\ADVAPI32.dll
[1001/125143.598:ERROR:process_memory_win.cc(73)] ReadMemory at 0x7ffe1fbb0000 of 64 bytes failed: Only part of a ReadProcessMemory or WriteProcessMemory request was completed. (0x12B)
[1001/125143.598:WARNING:pe_image_reader.cc(340)] could not read dos header from C:\WINDOWS\System32\msvcrt.dll
[1001/125143.598:ERROR:process_memory_win.cc(73)] ReadMemory at 0x7ffe1f0e0000 of 64 bytes failed: Only part of a ReadProcessMemory or WriteProcessMemory request was completed. (0x12B)
[1001/125143.598:WARNING:pe_image_reader.cc(340)] could not read dos header from C:\WINDOWS\System32\sechost.dll
[1001/125143.598:ERROR:process_memory_win.cc(73)] ReadMemory at 0x7ffe1f250000 of 64 bytes failed: Only part of a ReadProcessMemory or WriteProcessMemory request was completed. (0x12B)
[1001/125143.598:WARNING:pe_image_reader.cc(340)] could not read dos header from C:\WINDOWS\System32\RPCRT4.dll
[1001/125143.598:ERROR:process_memory_win.cc(73)] ReadMemory at 0x7ffdc3d50000 of 64 bytes failed: Only part of a ReadProcessMemory or WriteProcessMemory request was completed. (0x12B)
[1001/125143.598:WARNING:pe_image_reader.cc(340)] could not read dos header from C:\Program Files (x86)\Microsoft\Edge\Application\85.0.564.63\msedge.dll
[1001/125143.599:ERROR:process_memory_win.cc(73)] ReadMemory at 0x7ffe1f380000 of 64 bytes failed: Only part of a ReadProcessMemory or WriteProcessMemory request was completed. (0x12B)
[1001/125143.599:WARNING:pe_image_reader.cc(340)] could not read dos header from C:\WINDOWS\System32\WS2_32.dll
[1001/125143.599:ERROR:process_memory_win.cc(73)] ReadMemory at 0x7ffe1d870000 of 64 bytes failed: Only part of a ReadProcessMemory or WriteProcessMemory request was completed. (0x12B)
[1001/125143.599:WARNING:pe_image_reader.cc(340)] could not read dos header from C:\WINDOWS\System32\OLEAUT32.dll
[1001/125143.599:ERROR:process_memory_win.cc(73)] ReadMemory at 0x7ffe1c130000 of 64 bytes failed: Only part of a ReadProcessMemory or WriteProcessMemory request was completed. (0x12B)
[1001/125143.599:WARNING:pe_image_reader.cc(340)] could not read dos header from C:\WINDOWS\System32\msvcp_win.dll
[1001/125143.599:ERROR:process_memory_win.cc(73)] ReadMemory at 0x7ffe1c580000 of 64 bytes failed: Only part of a ReadProcessMemory or WriteProcessMemory request was completed. (0x12B)
[1001/125143.599:WARNING:pe_image_reader.cc(340)] could not read dos header from C:\WINDOWS\System32\ucrtbase.dll
[1001/125143.599:ERROR:process_memory_win.cc(73)] ReadMemory at 0x7ffe1d200000 of 64 bytes failed: Only part of a ReadProcessMemory or WriteProcessMemory request was completed. (0x12B)
[1001/125143.599:WARNING:pe_image_reader.cc(340)] could not read dos header from C:\WINDOWS\System32\combase.dll
[1001/125143.599:ERROR:process_memory_win.cc(73)] ReadMemory at 0x7ffe1c9d0000 of 64 bytes failed: Only part of a ReadProcessMemory or WriteProcessMemory request was completed. (0x12B)
[1001/125143.599:WARNING:pe_image_reader.cc(340)] could not read dos header from C:\WINDOWS\System32\WINTRUST.dll
[1001/125143.599:ERROR:process_memory_win.cc(73)] ReadMemory at 0x7ffe1c070000 of 64 bytes failed: Only part of a ReadProcessMemory or WriteProcessMemory request was completed. (0x12B)
[1001/125143.599:WARNING:pe_image_reader.cc(340)] could not read dos header from C:\WINDOWS\System32\MSASN1.dll
[1001/125143.599:ERROR:process_memory_win.cc(73)] ReadMemory at 0x7ffe1c390000 of 64 bytes failed: Only part of a ReadProcessMemory or WriteProcessMemory request was completed. (0x12B)
[1001/125143.599:WARNING:pe_image_reader.cc(340)] could not read dos header from C:\WINDOWS\System32\CRYPT32.dll
[1001/125143.600:ERROR:process_memory_win.cc(73)] ReadMemory at 0x7ffe1b5a0000 of 64 bytes failed: Only part of a ReadProcessMemory or WriteProcessMemory request was completed. (0x12B)
[1001/125143.600:WARNING:pe_image_reader.cc(340)] could not read dos header from C:\WINDOWS\SYSTEM32\IPHLPAPI.DLL
[1001/125143.600:ERROR:process_memory_win.cc(73)] ReadMemory at 0x7ffe13570000 of 64 bytes failed: Only part of a ReadProcessMemory or WriteProcessMemory request was completed. (0x12B)
[1001/125143.600:WARNING:pe_image_reader.cc(340)] could not read dos header from C:\WINDOWS\SYSTEM32\WINMM.dll
[1001/125143.600:ERROR:process_memory_win.cc(73)] ReadMemory at 0x7ffdf9d90000 of 64 bytes failed: Only part of a ReadProcessMemory or WriteProcessMemory request was completed. (0x12B)
[1001/125143.600:WARNING:pe_image_reader.cc(340)] could not read dos header from C:\WINDOWS\SYSTEM32\UIAutomationCore.DLL
[1001/125143.600:ERROR:process_memory_win.cc(73)] ReadMemory at 0x7ffe0dc00000 of 64 bytes failed: Only part of a ReadProcessMemory or WriteProcessMemory request was completed. (0x12B)
[1001/125143.600:WARNING:pe_image_reader.cc(340)] could not read dos header from C:\WINDOWS\SYSTEM32\Secur32.dll
[1001/125143.601:ERROR:process_memory_win.cc(73)] ReadMemory at 0x7ffe1bfa0000 of 64 bytes failed: Only part of a ReadProcessMemory or WriteProcessMemory request was completed. (0x12B)
[1001/125143.601:WARNING:pe_image_reader.cc(340)] could not read dos header from C:\WINDOWS\SYSTEM32\USERENV.dll
[1001/125143.601:ERROR:process_memory_win.cc(73)] ReadMemory at 0x7ffe1c0c0000 of 64 bytes failed: Only part of a ReadProcessMemory or WriteProcessMemory request was completed. (0x12B)
[1001/125143.601:WARNING:pe_image_reader.cc(340)] could not read dos header from C:\WINDOWS\System32\profapi.dll
[1001/125143.601:ERROR:process_memory_win.cc(73)] ReadMemory at 0x7ffe145d0000 of 64 bytes failed: Only part of a ReadProcessMemory or WriteProcessMemory request was completed. (0x12B)
[1001/125143.601:WARNING:pe_image_reader.cc(340)] could not read dos header from C:\WINDOWS\SYSTEM32\WINHTTP.dll
[1001/125143.601:ERROR:process_memory_win.cc(73)] ReadMemory at 0x7ffe03be0000 of 64 bytes failed: Only part of a ReadProcessMemory or WriteProcessMemory request was completed. (0x12B)
[1001/125143.601:WARNING:pe_image_reader.cc(340)] could not read dos header from C:\WINDOWS\SYSTEM32\DWrite.dll
[1001/125143.601:ERROR:process_memory_win.cc(73)] ReadMemory at 0x7ffe11530000 of 64 bytes failed: Only part of a ReadProcessMemory or WriteProcessMemory request was completed. (0x12B)
[1001/125143.601:WARNING:pe_image_reader.cc(340)] could not read dos header from C:\WINDOWS\SYSTEM32\WINSPOOL.DRV
[1001/125143.602:ERROR:process_memory_win.cc(73)] ReadMemory at 0x7ffe1c0a0000 of 64 bytes failed: Only part of a ReadProcessMemory or WriteProcessMemory request was completed. (0x12B)
[1001/125143.602:WARNING:pe_image_reader.cc(340)] could not read dos header from C:\WINDOWS\System32\kernel.appcore.dll
[1001/125143.602:ERROR:process_memory_win.cc(73)] ReadMemory at 0x7ffe1aa20000 of 64 bytes failed: Only part of a ReadProcessMemory or WriteProcessMemory request was completed. (0x12B)
[1001/125143.602:WARNING:pe_image_reader.cc(340)] could not read dos header from C:\WINDOWS\SYSTEM32\dbghelp.dll
[1001/125143.602:ERROR:process_memory_win.cc(73)] ReadMemory at 0x7ffe1ba80000 of 64 bytes failed: Only part of a ReadProcessMemory or WriteProcessMemory request was completed. (0x12B)
[1001/125143.602:WARNING:pe_image_reader.cc(340)] could not read dos header from C:\WINDOWS\SYSTEM32\ncrypt.dll
[1001/125143.602:ERROR:process_memory_win.cc(73)] ReadMemory at 0x7ffe14530000 of 64 bytes failed: Only part of a ReadProcessMemory or WriteProcessMemory request was completed. (0x12B)
[1001/125143.602:WARNING:pe_image_reader.cc(340)] could not read dos header from C:\WINDOWS\SYSTEM32\dhcpcsvc.DLL
[1001/125143.602:ERROR:process_memory_win.cc(73)] ReadMemory at 0x7ffe1fb10000 of 64 bytes failed: Only part of a ReadProcessMemory or WriteProcessMemory request was completed. (0x12B)
[1001/125143.603:WARNING:pe_image_reader.cc(340)] could not read dos header from C:\WINDOWS\System32\NSI.dll
[1001/125143.603:ERROR:process_memory_win.cc(73)] ReadMemory at 0x7ffe12200000 of 64 bytes failed: Only part of a ReadProcessMemory or WriteProcessMemory request was completed. (0x12B)
[1001/125143.603:WARNING:pe_image_reader.cc(340)] could not read dos header from C:\WINDOWS\SYSTEM32\WINMMBASE.dll
[1001/125143.603:ERROR:process_memory_win.cc(73)] ReadMemory at 0x7ffe1c700000 of 64 bytes failed: Only part of a ReadProcessMemory or WriteProcessMemory request was completed. (0x12B)
[1001/125143.603:WARNING:pe_image_reader.cc(340)] could not read dos header from C:\WINDOWS\System32\cfgmgr32.dll
[1001/125143.603:ERROR:process_memory_win.cc(73)] ReadMemory at 0x7ffe18bd0000 of 64 bytes failed: Only part of a ReadProcessMemory or WriteProcessMemory request was completed. (0x12B)
[1001/125143.603:WARNING:pe_image_reader.cc(340)] could not read dos header from C:\WINDOWS\SYSTEM32\PROPSYS.dll
[1001/125143.603:ERROR:process_memory_win.cc(73)] ReadMemory at 0x7ffe1f1a0000 of 64 bytes failed: Only part of a ReadProcessMemory or WriteProcessMemory request was completed. (0x12B)
[1001/125143.603:WARNING:pe_image_reader.cc(340)] could not read dos header from C:\WINDOWS\System32\shcore.dll
[1001/125143.603:ERROR:process_memory_win.cc(73)] ReadMemory at 0x7ffe1bd30000 of 64 bytes failed: Only part of a ReadProcessMemory or WriteProcessMemory request was completed. (0x12B)
[1001/125143.603:WARNING:pe_image_reader.cc(340)] could not read dos header from C:\WINDOWS\SYSTEM32\bcrypt.dll
[1001/125143.604:ERROR:process_memory_win.cc(73)] ReadMemory at 0x7ffe1ba40000 of 64 bytes failed: Only part of a ReadProcessMemory or WriteProcessMemory request was completed. (0x12B)
[1001/125143.604:WARNING:pe_image_reader.cc(340)] could not read dos header from C:\WINDOWS\SYSTEM32\NTASN1.dll
[1001/125143.604:ERROR:process_memory_win.cc(73)] ReadMemory at 0x7ffe1bf70000 of 64 bytes failed: Only part of a ReadProcessMemory or WriteProcessMemory request was completed. (0x12B)
[1001/125143.604:WARNING:pe_image_reader.cc(340)] could not read dos header from C:\WINDOWS\SYSTEM32\SSPICLI.DLL
[1001/125143.604:ERROR:process_memory_win.cc(73)] ReadMemory at 0x7ffe1b9a0000 of 64 bytes failed: Only part of a ReadProcessMemory or WriteProcessMemory request was completed. (0x12B)
[1001/125143.604:WARNING:pe_image_reader.cc(340)] could not read dos header from C:\WINDOWS\SYSTEM32\CRYPTBASE.DLL
[1001/125143.747:ERROR:process_memory_win.cc(73)] ReadMemory at 0x107cfee000 of 73728 bytes failed: Only part of a ReadProcessMemory or WriteProcessMemory request was completed. (0x12B)
[1001/125143.747:ERROR:process_memory_win.cc(73)] ReadMemory at 0x107d7fd000 of 12288 bytes failed: Only part of a ReadProcessMemory or WriteProcessMemory request was completed. (0x12B)
[1001/125143.747:ERROR:process_memory_win.cc(73)] ReadMemory at 0x107dffe000 of 8192 bytes failed: Only part of a ReadProcessMemory or WriteProcessMemory request was completed. (0x12B)
[1001/125143.747:ERROR:process_memory_win.cc(73)] ReadMemory at 0x107e7fd000 of 12288 bytes failed: Only part of a ReadProcessMemory or WriteProcessMemory request was completed. (0x12B)
[1001/125143.747:ERROR:process_memory_win.cc(73)] ReadMemory at 0x107eff6000 of 40960 bytes failed: Only part of a ReadProcessMemory or WriteProcessMemory request was completed. (0x12B)
[1001/125143.748:ERROR:process_memory_win.cc(73)] ReadMemory at 0x107f7fc000 of 16384 bytes failed: Only part of a ReadProcessMemory or WriteProcessMemory request was completed. (0x12B)
[1001/125143.748:ERROR:process_memory_win.cc(73)] ReadMemory at 0x107fffb000 of 20480 bytes failed: Only part of a ReadProcessMemory or WriteProcessMemory request was completed. (0x12B)
[1001/125143.748:ERROR:process_memory_win.cc(73)] ReadMemory at 0x10007fd000 of 12288 bytes failed: Only part of a ReadProcessMemory or WriteProcessMemory request was completed. (0x12B)
[1001/125143.748:ERROR:process_memory_win.cc(73)] ReadMemory at 0x1000ffc000 of 16384 bytes failed: Only part of a ReadProcessMemory or WriteProcessMemory request was completed. (0x12B)
[1001/125143.748:ERROR:process_memory_win.cc(73)] ReadMemory at 0x10017fd000 of 12288 bytes failed: Only part of a ReadProcessMemory or WriteProcessMemory request was completed. (0x12B)
[1001/125143.748:ERROR:process_memory_win.cc(73)] ReadMemory at 0x1001ff6000 of 40960 bytes failed: Only part of a ReadProcessMemory or WriteProcessMemory request was completed. (0x12B)
[1001/125143.749:ERROR:process_memory_win.cc(73)] ReadMemory at 0x10027f7000 of 36864 bytes failed: Only part of a ReadProcessMemory or WriteProcessMemory request was completed. (0x12B)
[1001/125143.749:ERROR:process_memory_win.cc(73)] ReadMemory at 0x1002ffd000 of 12288 bytes failed: Only part of a ReadProcessMemory or WriteProcessMemory request was completed. (0x12B)
[1001/125143.749:ERROR:process_memory_win.cc(73)] ReadMemory at 0x10037fd000 of 12288 bytes failed: Only part of a ReadProcessMemory or WriteProcessMemory request was completed. (0x12B)
[1001/125143.749:ERROR:process_memory_win.cc(73)] ReadMemory at 0x1003ffa000 of 24576 bytes failed: Only part of a ReadProcessMemory or WriteProcessMemory request was completed. (0x12B)
[1001/125143.942:ERROR:process_memory_win.cc(73)] ReadMemory at 0x10047f6000 of 40960 bytes failed: Only part of a ReadProcessMemory or WriteProcessMemory request was completed. (0x12B)
[1001/125143.943:ERROR:process_memory_win.cc(73)] ReadMemory at 0x1004ffd000 of 12288 bytes failed: Only part of a ReadProcessMemory or WriteProcessMemory request was completed. (0x12B)
[1001/125143.943:ERROR:process_memory_win.cc(73)] ReadMemory at 0x10057ff000 of 4096 bytes failed: Only part of a ReadProcessMemory or WriteProcessMemory request was completed. (0x12B)
[1001/125143.944:ERROR:process_memory_win.cc(73)] ReadMemory at 0x107c630000 of 852 bytes failed: Only part of a ReadProcessMemory or WriteProcessMemory request was completed. (0x12B)
[1001/125143.945:ERROR:process_memory_win.cc(73)] ReadMemory at 0x107c631000 of 6024 bytes failed: Only part of a ReadProcessMemory or WriteProcessMemory request was completed. (0x12B)
[1001/125143.945:ERROR:process_memory_win.cc(73)] ReadMemory at 0x107c633000 of 6024 bytes failed: Only part of a ReadProcessMemory or WriteProcessMemory request was completed. (0x12B)
[1001/125143.945:ERROR:process_memory_win.cc(73)] ReadMemory at 0x107c635000 of 6024 bytes failed: Only part of a ReadProcessMemory or WriteProcessMemory request was completed. (0x12B)
[1001/125143.946:ERROR:process_memory_win.cc(73)] ReadMemory at 0x107c637000 of 6024 bytes failed: Only part of a ReadProcessMemory or WriteProcessMemory request was completed. (0x12B)
[1001/125143.946:ERROR:process_memory_win.cc(73)] ReadMemory at 0x107c639000 of 6024 bytes failed: Only part of a ReadProcessMemory or WriteProcessMemory request was completed. (0x12B)
[1001/125143.946:ERROR:process_memory_win.cc(73)] ReadMemory at 0x107c63b000 of 6024 bytes failed: Only part of a ReadProcessMemory or WriteProcessMemory request was completed. (0x12B)
[1001/125143.946:ERROR:process_memory_win.cc(73)] ReadMemory at 0x107c63d000 of 6024 bytes failed: Only part of a ReadProcessMemory or WriteProcessMemory request was completed. (0x12B)
[1001/125143.946:ERROR:process_memory_win.cc(73)] ReadMemory at 0x107c63f000 of 6024 bytes failed: Only part of a ReadProcessMemory or WriteProcessMemory request was completed. (0x12B)
[1001/125143.947:ERROR:process_memory_win.cc(73)] ReadMemory at 0x107c641000 of 6024 bytes failed: Only part of a ReadProcessMemory or WriteProcessMemory request was completed. (0x12B)
[1001/125143.947:ERROR:process_memory_win.cc(73)] ReadMemory at 0x107c643000 of 6024 bytes failed: Only part of a ReadProcessMemory or WriteProcessMemory request was completed. (0x12B)
[1001/125143.947:ERROR:process_memory_win.cc(73)] ReadMemory at 0x107c645000 of 6024 bytes failed: Only part of a ReadProcessMemory or WriteProcessMemory request was completed. (0x12B)
[1001/125143.948:ERROR:process_memory_win.cc(73)] ReadMemory at 0x107c647000 of 6024 bytes failed: Only part of a ReadProcessMemory or WriteProcessMemory request was completed. (0x12B)
[1001/125143.948:ERROR:process_memory_win.cc(73)] ReadMemory at 0x107c649000 of 6024 bytes failed: Only part of a ReadProcessMemory or WriteProcessMemory request was completed. (0x12B)
[1001/125143.948:ERROR:process_memory_win.cc(73)] ReadMemory at 0x107c64b000 of 6024 bytes failed: Only part of a ReadProcessMemory or WriteProcessMemory request was completed. (0x12B)
[1001/125143.948:ERROR:process_memory_win.cc(73)] ReadMemory at 0x107c64f000 of 6024 bytes failed: Only part of a ReadProcessMemory or WriteProcessMemory request was completed. (0x12B)
[1001/125143.951:ERROR:process_memory_win.cc(73)] ReadMemory at 0x107c651000 of 6024 bytes failed: Only part of a ReadProcessMemory or WriteProcessMemory request was completed. (0x12B)
[1001/125143.952:ERROR:process_memory_win.cc(73)] ReadMemory at 0x107c653000 of 6024 bytes failed: Only part of a ReadProcessMemory or WriteProcessMemory request was completed. (0x12B)
[1001/125143.952:ERROR:process_memory_win.cc(73)] ReadMemory at 0x107c655000 of 6024 bytes failed: Only part of a ReadProcessMemory or WriteProcessMemory request was completed. (0x12B)
[1001/125143.952:ERROR:process_memory_win.cc(73)] ReadMemory at 0x1c9800002a0 of 40 bytes failed: Only part of a ReadProcessMemory or WriteProcessMemory request was completed. (0x12B)
[1001/125143.952:ERROR:process_memory_win.cc(73)] ReadMemory at 0x1c9800e02a0 of 40 bytes failed: Only part of a ReadProcessMemory or WriteProcessMemory request was completed. (0x12B)
[1001/125143.952:ERROR:process_memory_win.cc(73)] ReadMemory at 0x1c980110c70 of 512 bytes failed: Only part of a ReadProcessMemory or WriteProcessMemory request was completed. (0x12B)
[1001/125143.953:ERROR:process_memory_win.cc(73)] ReadMemory at 0x1c9801110c0 of 512 bytes failed: Only part of a ReadProcessMemory or WriteProcessMemory request was completed. (0x12B)
[1001/125143.953:ERROR:process_memory_win.cc(73)] ReadMemory at 0x1c980114480 of 512 bytes failed: Only part of a ReadProcessMemory or WriteProcessMemory request was completed. (0x12B)
[1001/125143.954:ERROR:process_memory_win.cc(73)] ReadMemory at 0x1c9801902a0 of 40 bytes failed: Only part of a ReadProcessMemory or WriteProcessMemory request was completed. (0x12B)
[1001/125143.954:ERROR:process_memory_win.cc(73)] ReadMemory at 0x1c9806b02a0 of 40 bytes failed: Only part of a ReadProcessMemory or WriteProcessMemory request was completed. (0x12B)
[1001/125143.954:ERROR:process_memory_win.cc(73)] ReadMemory at 0x1c981fde5b4 of 512 bytes failed: Only part of a ReadProcessMemory or WriteProcessMemory request was completed. (0x12B)
[1001/125143.954:ERROR:process_memory_win.cc(73)] ReadMemory at 0x1c981fedbf0 of 40 bytes failed: Only part of a ReadProcessMemory or WriteProcessMemory request was completed. (0x12B)
[1001/125143.954:ERROR:process_memory_win.cc(73)] ReadMemory at 0x1c98201ce10 of 512 bytes failed: Only part of a ReadProcessMemory or WriteProcessMemory request was completed. (0x12B)
[1001/125143.954:ERROR:process_memory_win.cc(73)] ReadMemory at 0x1c982102f60 of 512 bytes failed: Only part of a ReadProcessMemory or WriteProcessMemory request was completed. (0x12B)
[1001/125143.955:ERROR:process_memory_win.cc(73)] ReadMemory at 0x1c98214ef50 of 512 bytes failed: Only part of a ReadProcessMemory or WriteProcessMemory request was completed. (0x12B)
[1001/125143.955:ERROR:process_memory_win.cc(73)] ReadMemory at 0x1c9821701d0 of 512 bytes failed: Only part of a ReadProcessMemory or WriteProcessMemory request was completed. (0x12B)
[1001/125143.955:ERROR:process_memory_win.cc(73)] ReadMemory at 0x1c982193b30 of 512 bytes failed: Only part of a ReadProcessMemory or WriteProcessMemory request was completed. (0x12B)
[1001/125143.955:ERROR:process_memory_win.cc(73)] ReadMemory at 0x1c982715440 of 512 bytes failed: Only part of a ReadProcessMemory or WriteProcessMemory request was completed. (0x12B)
[1001/125143.955:ERROR:process_memory_win.cc(73)] ReadMemory at 0x1c9828674a8 of 512 bytes failed: Only part of a ReadProcessMemory or WriteProcessMemory request was completed. (0x12B)
[1001/125143.955:ERROR:process_memory_win.cc(73)] ReadMemory at 0x1c982be8a50 of 512 bytes failed: Only part of a ReadProcessMemory or WriteProcessMemory request was completed. (0x12B)
[1001/125143.955:ERROR:process_memory_win.cc(73)] ReadMemory at 0x1c9855afed8 of 512 bytes failed: Only part of a ReadProcessMemory or WriteProcessMemory request was completed. (0x12B)
[1001/125143.956:ERROR:process_memory_win.cc(73)] ReadMemory at 0x1c9855b0790 of 512 bytes failed: Only part of a ReadProcessMemory or WriteProcessMemory request was completed. (0x12B)
[1001/125143.956:ERROR:process_memory_win.cc(73)] ReadMemory at 0x1c9865fc2a0 of 512 bytes failed: Only part of a ReadProcessMemory or WriteProcessMemory request was completed. (0x12B)
[1001/125143.956:ERROR:process_memory_win.cc(73)] ReadMemory at 0x1c9a1820280 of 512 bytes failed: Only part of a ReadProcessMemory or WriteProcessMemory request was completed. (0x12B)
[1001/125143.956:ERROR:process_memory_win.cc(73)] ReadMemory at 0x1c9a1820ab0 of 512 bytes failed: Only part of a ReadProcessMemory or WriteProcessMemory request was completed. (0x12B)
[1001/125143.956:ERROR:process_memory_win.cc(73)] ReadMemory at 0x1c9a1820fc0 of 19442 bytes failed: Only part of a ReadProcessMemory or WriteProcessMemory request was completed. (0x12B)
[1001/125143.957:ERROR:process_memory_win.cc(73)] ReadMemory at 0x1c9a1825bc0 of 1012 bytes failed: Only part of a ReadProcessMemory or WriteProcessMemory request was completed. (0x12B)
[1001/125143.957:ERROR:process_memory_win.cc(73)] ReadMemory at 0x1c9a18261d8 of 120 bytes failed: Only part of a ReadProcessMemory or WriteProcessMemory request was completed. (0x12B)
[1001/125143.957:ERROR:process_memory_win.cc(73)] ReadMemory at 0x1c9a1826252 of 754 bytes failed: Only part of a ReadProcessMemory or WriteProcessMemory request was completed. (0x12B)
[1001/125143.957:ERROR:process_memory_win.cc(73)] ReadMemory at 0x1c9a1826546 of 120 bytes failed: Only part of a ReadProcessMemory or WriteProcessMemory request was completed. (0x12B)
[1001/125143.957:ERROR:process_memory_win.cc(73)] ReadMemory at 0x1c9a18265c0 of 98 bytes failed: Only part of a ReadProcessMemory or WriteProcessMemory request was completed. (0x12B)
[1001/125143.957:ERROR:process_memory_win.cc(73)] ReadMemory at 0x1c9a1826630 of 58 bytes failed: Only part of a ReadProcessMemory or WriteProcessMemory request was completed. (0x12B)
[1001/125143.957:ERROR:process_memory_win.cc(73)] ReadMemory at 0x1c9a1826730 of 132 bytes failed: Only part of a ReadProcessMemory or WriteProcessMemory request was completed. (0x12B)
[1001/125143.958:ERROR:process_memory_win.cc(73)] ReadMemory at 0x1c9a18268c0 of 132 bytes failed: Only part of a ReadProcessMemory or WriteProcessMemory request was completed. (0x12B)
[1001/125143.958:ERROR:process_memory_win.cc(73)] ReadMemory at 0x1c9a1826e60 of 132 bytes failed: Only part of a ReadProcessMemory or WriteProcessMemory request was completed. (0x12B)
[1001/125143.958:ERROR:process_memory_win.cc(73)] ReadMemory at 0x1c9a1826ff0 of 64 bytes failed: Only part of a ReadProcessMemory or WriteProcessMemory request was completed. (0x12B)
[1001/125143.958:ERROR:process_memory_win.cc(73)] ReadMemory at 0x1c9a18271b0 of 132 bytes failed: Only part of a ReadProcessMemory or WriteProcessMemory request was completed. (0x12B)
[1001/125143.964:ERROR:process_memory_win.cc(73)] ReadMemory at 0x1c9a1827440 of 132 bytes failed: Only part of a ReadProcessMemory or WriteProcessMemory request was completed. (0x12B)
[1001/125143.964:ERROR:process_memory_win.cc(73)] ReadMemory at 0x1c9a18275d0 of 68 bytes failed: Only part of a ReadProcessMemory or WriteProcessMemory request was completed. (0x12B)
[1001/125143.964:ERROR:process_memory_win.cc(73)] ReadMemory at 0x1c9a1828390 of 152 bytes failed: Only part of a ReadProcessMemory or WriteProcessMemory request was completed. (0x12B)
[1001/125143.964:ERROR:process_memory_win.cc(73)] ReadMemory at 0x1c9a18383d0 of 60 bytes failed: Only part of a ReadProcessMemory or WriteProcessMemory request was completed. (0x12B)
[1001/125143.964:ERROR:process_memory_win.cc(73)] ReadMemory at 0x1c9a18384c0 of 58 bytes failed: Only part of a ReadProcessMemory or WriteProcessMemory request was completed. (0x12B)
[1001/125143.964:ERROR:process_memory_win.cc(73)] ReadMemory at 0x1c9a18386a0 of 64 bytes failed: Only part of a ReadProcessMemory or WriteProcessMemory request was completed. (0x12B)
[1001/125143.964:ERROR:process_memory_win.cc(73)] ReadMemory at 0x1c9a18387e0 of 60 bytes failed: Only part of a ReadProcessMemory or WriteProcessMemory request was completed. (0x12B)
[1001/125143.965:ERROR:process_memory_win.cc(73)] ReadMemory at 0x1c9a18389c0 of 64 bytes failed: Only part of a ReadProcessMemory or WriteProcessMemory request was completed. (0x12B)
[1001/125143.965:ERROR:process_memory_win.cc(73)] ReadMemory at 0x1c9a1838a10 of 62 bytes failed: Only part of a ReadProcessMemory or WriteProcessMemory request was completed. (0x12B)
[1001/125143.965:ERROR:process_memory_win.cc(73)] ReadMemory at 0x1c9a1838a60 of 64 bytes failed: Only part of a ReadProcessMemory or WriteProcessMemory request was completed. (0x12B)
[1001/125143.965:ERROR:process_memory_win.cc(73)] ReadMemory at 0x1c9a1838b00 of 62 bytes failed: Only part of a ReadProcessMemory or WriteProcessMemory request was completed. (0x12B)
[1001/125143.965:ERROR:process_memory_win.cc(73)] ReadMemory at 0x1c9a1838b50 of 62 bytes failed: Only part of a ReadProcessMemory or WriteProcessMemory request was completed. (0x12B)
[1001/125143.965:ERROR:process_memory_win.cc(73)] ReadMemory at 0x1c9a1838ba0 of 62 bytes failed: Only part of a ReadProcessMemory or WriteProcessMemory request was completed. (0x12B)
[1001/125143.965:ERROR:process_memory_win.cc(73)] ReadMemory at 0x1c9a1838c40 of 60 bytes failed: Only part of a ReadProcessMemory or WriteProcessMemory request was completed. (0x12B)
[1001/125143.966:ERROR:process_memory_win.cc(73)] ReadMemory at 0x1c9a1838ce0 of 62 bytes failed: Only part of a ReadProcessMemory or WriteProcessMemory request was completed. (0x12B)
[1001/125143.966:ERROR:process_memory_win.cc(73)] ReadMemory at 0x1c9a1838d30 of 64 bytes failed: Only part of a ReadProcessMemory or WriteProcessMemory request was completed. (0x12B)
[1001/125143.966:ERROR:process_memory_win.cc(73)] ReadMemory at 0x1c9a1838dd0 of 64 bytes failed: Only part of a ReadProcessMemory or WriteProcessMemory request was completed. (0x12B)
[1001/125143.966:ERROR:process_memory_win.cc(73)] ReadMemory at 0x1c9a1838e20 of 62 bytes failed: Only part of a ReadProcessMemory or WriteProcessMemory request was completed. (0x12B)
[1001/125143.966:ERROR:process_memory_win.cc(73)] ReadMemory at 0x1c9a1838e70 of 60 bytes failed: Only part of a ReadProcessMemory or WriteProcessMemory request was completed. (0x12B)
[1001/125143.966:ERROR:process_memory_win.cc(73)] ReadMemory at 0x1c9a1838f60 of 64 bytes failed: Only part of a ReadProcessMemory or WriteProcessMemory request was completed. (0x12B)
[1001/125143.966:ERROR:process_memory_win.cc(73)] ReadMemory at 0x1c9a1839190 of 64 bytes failed: Only part of a ReadProcessMemory or WriteProcessMemory request was completed. (0x12B)
[1001/125143.966:ERROR:process_memory_win.cc(73)] ReadMemory at 0x1c9a18391e0 of 60 bytes failed: Only part of a ReadProcessMemory or WriteProcessMemory request was completed. (0x12B)
[1001/125143.967:ERROR:process_memory_win.cc(73)] ReadMemory at 0x1c9a1839230 of 62 bytes failed: Only part of a ReadProcessMemory or WriteProcessMemory request was completed. (0x12B)
[1001/125143.967:ERROR:process_memory_win.cc(73)] ReadMemory at 0x1c9a1839280 of 60 bytes failed: Only part of a ReadProcessMemory or WriteProcessMemory request was completed. (0x12B)
[1001/125143.967:ERROR:process_memory_win.cc(73)] ReadMemory at 0x1c9a18392d0 of 66 bytes failed: Only part of a ReadProcessMemory or WriteProcessMemory request was completed. (0x12B)
[1001/125143.967:ERROR:process_memory_win.cc(73)] ReadMemory at 0x1c9a1839320 of 62 bytes failed: Only part of a ReadProcessMemory or WriteProcessMemory request was completed. (0x12B)
[1001/125143.967:ERROR:process_memory_win.cc(73)] ReadMemory at 0x1c9a183a1d0 of 40 bytes failed: Only part of a ReadProcessMemory or WriteProcessMemory request was completed. (0x12B)
[1001/125143.968:ERROR:process_memory_win.cc(73)] ReadMemory at 0x1c9a183bbf0 of 80 bytes failed: Only part of a ReadProcessMemory or WriteProcessMemory request was completed. (0x12B)
[1001/125143.968:ERROR:process_memory_win.cc(73)] ReadMemory at 0x1c9a183c1a0 of 132 bytes failed: Only part of a ReadProcessMemory or WriteProcessMemory request was completed. (0x12B)
[1001/125143.968:ERROR:process_memory_win.cc(73)] ReadMemory at 0x1c9a183c730 of 132 bytes failed: Only part of a ReadProcessMemory or WriteProcessMemory request was completed. (0x12B)
[1001/125143.968:ERROR:process_memory_win.cc(73)] ReadMemory at 0x1c9a183cc90 of 132 bytes failed: Only part of a ReadProcessMemory or WriteProcessMemory request was completed. (0x12B)
[1001/125143.968:ERROR:process_memory_win.cc(73)] ReadMemory at 0x1c9a183cfb0 of 132 bytes failed: Only part of a ReadProcessMemory or WriteProcessMemory request was completed. (0x12B)
[1001/125143.968:ERROR:process_memory_win.cc(73)] ReadMemory at 0x1c9a183d2e0 of 132 bytes failed: Only part of a ReadProcessMemory or WriteProcessMemory request was completed. (0x12B)
[1001/125143.968:ERROR:process_memory_win.cc(73)] ReadMemory at 0x1c9a183d5c0 of 132 bytes failed: Only part of a ReadProcessMemory or WriteProcessMemory request was completed. (0x12B)
[1001/125143.969:ERROR:process_memory_win.cc(73)] ReadMemory at 0x1c9a183de40 of 132 bytes failed: Only part of a ReadProcessMemory or WriteProcessMemory request was completed. (0x12B)
[1001/125143.969:ERROR:process_memory_win.cc(73)] ReadMemory at 0x1c9a183df70 of 132 bytes failed: Only part of a ReadProcessMemory or WriteProcessMemory request was completed. (0x12B)
[1001/125143.969:ERROR:process_memory_win.cc(73)] ReadMemory at 0x1c9a183e0a0 of 132 bytes failed: Only part of a ReadProcessMemory or WriteProcessMemory request was completed. (0x12B)
[1001/125143.969:ERROR:process_memory_win.cc(73)] ReadMemory at 0x1c9a183e300 of 132 bytes failed: Only part of a ReadProcessMemory or WriteProcessMemory request was completed. (0x12B)
[1001/125143.969:ERROR:process_memory_win.cc(73)] ReadMemory at 0x1c9a183e430 of 132 bytes failed: Only part of a ReadProcessMemory or WriteProcessMemory request was completed. (0x12B)
[1001/125143.969:ERROR:process_memory_win.cc(73)] ReadMemory at 0x1c9a183e560 of 132 bytes failed: Only part of a ReadProcessMemory or WriteProcessMemory request was completed. (0x12B)
[1001/125143.969:ERROR:process_memory_win.cc(73)] ReadMemory at 0x1c9a183e690 of 132 bytes failed: Only part of a ReadProcessMemory or WriteProcessMemory request was completed. (0x12B)
[1001/125143.969:ERROR:process_memory_win.cc(73)] ReadMemory at 0x1c9a183e7c0 of 132 bytes failed: Only part of a ReadProcessMemory or WriteProcessMemory request was completed. (0x12B)
[1001/125143.970:ERROR:process_memory_win.cc(73)] ReadMemory at 0x1c9a183e8f0 of 132 bytes failed: Only part of a ReadProcessMemory or WriteProcessMemory request was completed. (0x12B)
[1001/125143.970:ERROR:process_memory_win.cc(73)] ReadMemory at 0x1c9a183ea20 of 132 bytes failed: Only part of a ReadProcessMemory or WriteProcessMemory request was completed. (0x12B)
[1001/125143.970:ERROR:process_memory_win.cc(73)] ReadMemory at 0x1c9a183eb50 of 132 bytes failed: Only part of a ReadProcessMemory or WriteProcessMemory request was completed. (0x12B)
[1001/125143.970:ERROR:process_memory_win.cc(73)] ReadMemory at 0x1c9a183f140 of 132 bytes failed: Only part of a ReadProcessMemory or WriteProcessMemory request was completed. (0x12B)
[1001/125143.970:ERROR:process_memory_win.cc(73)] ReadMemory at 0x1c9a183f3a0 of 132 bytes failed: Only part of a ReadProcessMemory or WriteProcessMemory request was completed. (0x12B)
[1001/125143.970:ERROR:process_memory_win.cc(73)] ReadMemory at 0x1c9a183f600 of 132 bytes failed: Only part of a ReadProcessMemory or WriteProcessMemory request was completed. (0x12B)
[1001/125143.970:ERROR:process_memory_win.cc(73)] ReadMemory at 0x1c9a183f730 of 132 bytes failed: Only part of a ReadProcessMemory or WriteProcessMemory request was completed. (0x12B)
[1001/125143.970:ERROR:process_memory_win.cc(73)] ReadMemory at 0x1c9a183f860 of 132 bytes failed: Only part of a ReadProcessMemory or WriteProcessMemory request was completed. (0x12B)
[1001/125143.971:ERROR:process_memory_win.cc(73)] ReadMemory at 0x1c9a183f990 of 132 bytes failed: Only part of a ReadProcessMemory or WriteProcessMemory request was completed. (0x12B)
[1001/125143.971:ERROR:process_memory_win.cc(73)] ReadMemory at 0x1c9a183fbf0 of 132 bytes failed: Only part of a ReadProcessMemory or WriteProcessMemory request was completed. (0x12B)
[1001/125143.971:ERROR:process_memory_win.cc(73)] ReadMemory at 0x1c9a183fe30 of 124 bytes failed: Only part of a ReadProcessMemory or WriteProcessMemory request was completed. (0x12B)
[1001/125143.971:ERROR:process_memory_win.cc(73)] ReadMemory at 0x1c9a1842af0 of 54 bytes failed: Only part of a ReadProcessMemory or WriteProcessMemory request was completed. (0x12B)
[1001/125143.971:ERROR:process_memory_win.cc(73)] ReadMemory at 0x1c9a1844ea0 of 512 bytes failed: Only part of a ReadProcessMemory or WriteProcessMemory request was completed. (0x12B)
[1001/125143.971:ERROR:process_memory_win.cc(73)] ReadMemory at 0x1c9a18452c0 of 132 bytes failed: Only part of a ReadProcessMemory or WriteProcessMemory request was completed. (0x12B)
[1001/125143.971:ERROR:process_memory_win.cc(73)] ReadMemory at 0x1c9a1845440 of 132 bytes failed: Only part of a ReadProcessMemory or WriteProcessMemory request was completed. (0x12B)
[1001/125143.971:ERROR:process_memory_win.cc(73)] ReadMemory at 0x1c9a18456a0 of 132 bytes failed: Only part of a ReadProcessMemory or WriteProcessMemory request was completed. (0x12B)
[1001/125143.971:ERROR:process_memory_win.cc(73)] ReadMemory at 0x1c9a18457d0 of 132 bytes failed: Only part of a ReadProcessMemory or WriteProcessMemory request was completed. (0x12B)
[1001/125143.972:ERROR:process_memory_win.cc(73)] ReadMemory at 0x1c9a1845900 of 132 bytes failed: Only part of a ReadProcessMemory or WriteProcessMemory request was completed. (0x12B)
[1001/125143.972:ERROR:process_memory_win.cc(73)] ReadMemory at 0x1c9a1845a30 of 132 bytes failed: Only part of a ReadProcessMemory or WriteProcessMemory request was completed. (0x12B)
[1001/125143.972:ERROR:process_memory_win.cc(73)] ReadMemory at 0x1c9a1846520 of 132 bytes failed: Only part of a ReadProcessMemory or WriteProcessMemory request was completed. (0x12B)
[1001/125143.972:ERROR:process_memory_win.cc(73)] ReadMemory at 0x1c9a1846880 of 132 bytes failed: Only part of a ReadProcessMemory or WriteProcessMemory request was completed. (0x12B)
[1001/125143.972:ERROR:process_memory_win.cc(73)] ReadMemory at 0x1c9a1846a90 of 132 bytes failed: Only part of a ReadProcessMemory or WriteProcessMemory request was completed. (0x12B)
[1001/125143.972:ERROR:process_memory_win.cc(73)] ReadMemory at 0x1c9a1849b10 of 132 bytes failed: Only part of a ReadProcessMemory or WriteProcessMemory request was completed. (0x12B)
[1001/125143.972:ERROR:process_memory_win.cc(73)] ReadMemory at 0x1c9a1849c40 of 132 bytes failed: Only part of a ReadProcessMemory or WriteProcessMemory request was completed. (0x12B)
[1001/125143.972:ERROR:process_memory_win.cc(73)] ReadMemory at 0x1c9a1849d70 of 144 bytes failed: Only part of a ReadProcessMemory or WriteProcessMemory request was completed. (0x12B)
[1001/125143.973:ERROR:process_memory_win.cc(73)] ReadMemory at 0x1c9a184d980 of 80 bytes failed: Only part of a ReadProcessMemory or WriteProcessMemory request was completed. (0x12B)
[1001/125143.973:ERROR:process_memory_win.cc(73)] ReadMemory at 0x1c9a184dec0 of 76 bytes failed: Only part of a ReadProcessMemory or WriteProcessMemory request was completed. (0x12B)
[1001/125143.973:ERROR:process_memory_win.cc(73)] ReadMemory at 0x1c9a18516f0 of 64 bytes failed: Only part of a ReadProcessMemory or WriteProcessMemory request was completed. (0x12B)
[1001/125143.973:ERROR:process_memory_win.cc(73)] ReadMemory at 0x1c9a1851740 of 62 bytes failed: Only part of a ReadProcessMemory or WriteProcessMemory request was completed. (0x12B)
[1001/125143.973:ERROR:process_memory_win.cc(73)] ReadMemory at 0x1c9a1851830 of 60 bytes failed: Only part of a ReadProcessMemory or WriteProcessMemory request was completed. (0x12B)
[1001/125143.973:ERROR:process_memory_win.cc(73)] ReadMemory at 0x1c9a1851ba0 of 62 bytes failed: Only part of a ReadProcessMemory or WriteProcessMemory request was completed. (0x12B)
[1001/125143.973:ERROR:process_memory_win.cc(73)] ReadMemory at 0x1c9a1851d80 of 60 bytes failed: Only part of a ReadProcessMemory or WriteProcessMemory request was completed. (0x12B)
[1001/125143.973:ERROR:process_memory_win.cc(73)] ReadMemory at 0x1c9a1851e70 of 60 bytes failed: Only part of a ReadProcessMemory or WriteProcessMemory request was completed. (0x12B)
[1001/125143.973:ERROR:process_memory_win.cc(73)] ReadMemory at 0x1c9a18524b0 of 66 bytes failed: Only part of a ReadProcessMemory or WriteProcessMemory request was completed. (0x12B)
[1001/125143.974:ERROR:process_memory_win.cc(73)] ReadMemory at 0x1c9a18596d0 of 512 bytes failed: Only part of a ReadProcessMemory or WriteProcessMemory request was completed. (0x12B)
[1001/125143.974:ERROR:process_memory_win.cc(73)] ReadMemory at 0x1c9a1860cd0 of 48 bytes failed: Only part of a ReadProcessMemory or WriteProcessMemory request was completed. (0x12B)
[1001/125143.974:ERROR:process_memory_win.cc(73)] ReadMemory at 0x1c9a1860d90 of 48 bytes failed: Only part of a ReadProcessMemory or WriteProcessMemory request was completed. (0x12B)
[1001/125143.974:ERROR:process_memory_win.cc(73)] ReadMemory at 0x1c9a1876490 of 512 bytes failed: Only part of a ReadProcessMemory or WriteProcessMemory request was completed. (0x12B)
[1001/125143.974:ERROR:process_memory_win.cc(73)] ReadMemory at 0x1c9a18afcf0 of 512 bytes failed: Only part of a ReadProcessMemory or WriteProcessMemory request was completed. (0x12B)
[1001/125143.974:ERROR:process_memory_win.cc(73)] ReadMemory at 0x1c9a18b1570 of 512 bytes failed: Only part of a ReadProcessMemory or WriteProcessMemory request was completed. (0x12B)
[1001/125143.974:ERROR:process_memory_win.cc(73)] ReadMemory at 0x1c9a18c1b00 of 712 bytes failed: Only part of a ReadProcessMemory or WriteProcessMemory request was completed. (0x12B)
[1001/125143.975:ERROR:process_memory_win.cc(73)] ReadMemory at 0x1c9a18c5850 of 512 bytes failed: Only part of a ReadProcessMemory or WriteProcessMemory request was completed. (0x12B)
[1001/125143.975:ERROR:process_memory_win.cc(73)] ReadMemory at 0x1c9a18c7090 of 512 bytes failed: Only part of a ReadProcessMemory or WriteProcessMemory request was completed. (0x12B)
[1001/125143.977:ERROR:process_memory_win.cc(73)] ReadMemory at 0x1c9a18cbf70 of 512 bytes failed: Only part of a ReadProcessMemory or WriteProcessMemory request was completed. (0x12B)
[1001/125143.978:ERROR:process_memory_win.cc(73)] ReadMemory at 0x1c9a18ce9f0 of 512 bytes failed: Only part of a ReadProcessMemory or WriteProcessMemory request was completed. (0x12B)
[1001/125143.978:ERROR:process_memory_win.cc(73)] ReadMemory at 0x1c9a18d70c4 of 590 bytes failed: Only part of a ReadProcessMemory or WriteProcessMemory request was completed. (0x12B)
[1001/125143.978:ERROR:process_memory_win.cc(73)] ReadMemory at 0x1c9a7065000 of 400 bytes failed: Only part of a ReadProcessMemory or WriteProcessMemory request was completed. (0x12B)
[1001/125143.978:ERROR:process_memory_win.cc(73)] ReadMemory at 0x1c9a7e32fe0 of 512 bytes failed: Only part of a ReadProcessMemory or WriteProcessMemory request was completed. (0x12B)
[1001/125143.978:ERROR:process_memory_win.cc(73)] ReadMemory at 0x1c9a7e42ff0 of 512 bytes failed: Only part of a ReadProcessMemory or WriteProcessMemory request was completed. (0x12B)
[1001/125143.979:ERROR:process_memory_win.cc(73)] ReadMemory at 0x609600000000 of 384 bytes failed: Only part of a ReadProcessMemory or WriteProcessMemory request was completed. (0x12B)
[1001/125143.979:ERROR:process_memory_win.cc(73)] ReadMemory at 0x6096080400f1 of 512 bytes failed: Only part of a ReadProcessMemory or WriteProcessMemory request was completed. (0x12B)
[1001/125143.979:ERROR:process_memory_win.cc(73)] ReadMemory at 0x609608040669 of 512 bytes failed: Only part of a ReadProcessMemory or WriteProcessMemory request was completed. (0x12B)
[1001/125143.979:ERROR:process_memory_win.cc(73)] ReadMemory at 0x60960cf34f85 of 512 bytes failed: Only part of a ReadProcessMemory or WriteProcessMemory request was completed. (0x12B)
[1001/125143.979:ERROR:process_memory_win.cc(73)] ReadMemory at 0x60960d24ad99 of 512 bytes failed: Only part of a ReadProcessMemory or WriteProcessMemory request was completed. (0x12B)
[1001/125143.979:ERROR:process_memory_win.cc(73)] ReadMemory at 0x60960f5620fd of 512 bytes failed: Only part of a ReadProcessMemory or WriteProcessMemory request was completed. (0x12B)
[1001/125143.980:ERROR:process_memory_win.cc(73)] ReadMemory at 0x609642874c51 of 512 bytes failed: Only part of a ReadProcessMemory or WriteProcessMemory request was completed. (0x12B)
[1001/125143.980:ERROR:process_memory_win.cc(73)] ReadMemory at 0x6096440800a1 of 512 bytes failed: Only part of a ReadProcessMemory or WriteProcessMemory request was completed. (0x12B)
[1001/125143.980:ERROR:process_memory_win.cc(73)] ReadMemory at 0x7ffdc797fbe0 of 512 bytes failed: Only part of a ReadProcessMemory or WriteProcessMemory request was completed. (0x12B)
[1001/125143.980:ERROR:process_memory_win.cc(73)] ReadMemory at 0x7ffde9cc9cdd of 512 bytes failed: Only part of a ReadProcessMemory or WriteProcessMemory request was completed. (0x12B)
[1001/125143.980:ERROR:process_memory_win.cc(73)] ReadMemory at 0x7ffde9ce6de4 of 512 bytes failed: Only part of a ReadProcessMemory or WriteProcessMemory request was completed. (0x12B)
[1001/125143.980:ERROR:process_memory_win.cc(73)] ReadMemory at 0x7ffde9d59e30 of 544 bytes failed: Only part of a ReadProcessMemory or WriteProcessMemory request was completed. (0x12B)
[1001/125143.981:ERROR:process_memory_win.cc(73)] ReadMemory at 0x7ffde9d5f3c8 of 40 bytes failed: Only part of a ReadProcessMemory or WriteProcessMemory request was completed. (0x12B)
[1001/125143.981:ERROR:process_memory_win.cc(73)] ReadMemory at 0x7ffe1bf99cf0 of 40 bytes failed: Only part of a ReadProcessMemory or WriteProcessMemory request was completed. (0x12B)
[1001/125143.981:ERROR:process_memory_win.cc(73)] ReadMemory at 0x7ffe1d5c3fb4 of 512 bytes failed: Only part of a ReadProcessMemory or WriteProcessMemory request was completed. (0x12B)
[1001/125143.981:ERROR:process_memory_win.cc(73)] ReadMemory at 0x7ffe1d5d0e00 of 512 bytes failed: Only part of a ReadProcessMemory or WriteProcessMemory request was completed. (0x12B)
[1001/125143.981:ERROR:process_memory_win.cc(73)] ReadMemory at 0x7ffe1fdb79f0 of 512 bytes failed: Only part of a ReadProcessMemory or WriteProcessMemory request was completed. (0x12B)
[1001/125143.981:ERROR:process_memory_win.cc(73)] ReadMemory at 0x7ffe1fdb82e0 of 512 bytes failed: Only part of a ReadProcessMemory or WriteProcessMemory request was completed. (0x12B)
[1001/125143.981:ERROR:process_memory_win.cc(73)] ReadMemory at 0x7ffe1fdba0d0 of 512 bytes failed: Only part of a ReadProcessMemory or WriteProcessMemory request was completed. (0x12B)
[1001/125143.982:ERROR:process_memory_win.cc(73)] ReadMemory at 0x7ffe1fe2a9a4 of 672 bytes failed: Only part of a ReadProcessMemory or WriteProcessMemory request was completed. (0x12B)
[1001/125143.982:ERROR:process_memory_win.cc(73)] ReadMemory at 0x7ffe1fe2e214 of 608 bytes failed: Only part of a ReadProcessMemory or WriteProcessMemory request was completed. (0x12B)
[1001/125143.982:ERROR:process_memory_win.cc(73)] ReadMemory at 0x7ffe1feb02e0 of 18 bytes failed: Only part of a ReadProcessMemory or WriteProcessMemory request was completed. (0x12B)
[1001/125143.982:ERROR:process_memory_win.cc(73)] ReadMemory at 0x7ffe1fee65b0 of 40 bytes failed: Only part of a ReadProcessMemory or WriteProcessMemory request was completed. (0x12B)
[1001/125143.982:ERROR:process_memory_win.cc(73)] ReadMemory at 0x7ffe1fee6618 of 48 bytes failed: Only part of a ReadProcessMemory or WriteProcessMemory request was completed. (0x12B)
[1001/125143.982:ERROR:process_memory_win.cc(73)] ReadMemory at 0x7ffe1fee6a08 of 48 bytes failed: Only part of a ReadProcessMemory or WriteProcessMemory request was completed. (0x12B)
[1001/125143.983:ERROR:process_memory_win.cc(73)] ReadMemory at 0x7ffe1feeaac0 of 40 bytes failed: Only part of a ReadProcessMemory or WriteProcessMemory request was completed. (0x12B)
[1001/125143.983:ERROR:process_memory_win.cc(73)] ReadMemory at 0x7ffe1feeac20 of 336 bytes failed: Only part of a ReadProcessMemory or WriteProcessMemory request was completed. (0x12B)
[1001/125143.983:ERROR:process_memory_win.cc(73)] ReadMemory at 0x7ffe1feec360 of 64 bytes failed: Only part of a ReadProcessMemory or WriteProcessMemory request was completed. (0x12B)
[1001/125144.009:ERROR:scoped_process_suspend.cc(40)] NtResumeProcess: An attempt was made to access an exiting process. (0xc000010a)
